<?xml version="1.0" encoding="UTF-8"?>
<coverage generated="1692105207994" clover="3.2.0">
  <project timestamp="1692105207995" name="All files">
    <metrics statements="80" coveredstatements="76" conditionals="28" coveredconditionals="25" methods="4" coveredmethods="4" elements="112" coveredelements="105" complexity="0" loc="80" ncloc="80" packages="1" files="1" classes="1"/>
    <file name="caixa-da-lanchonete.js" path="C:\Users\Willian\Desktop\DB Serve\desafio-lanchonete-2023\src\caixa-da-lanchonete.js">
      <metrics statements="80" coveredstatements="76" conditionals="28" coveredconditionals="25" methods="4" coveredmethods="4"/>
      <line num="1" count="1" type="stmt"/>
      <line num="2" count="1" type="cond" truecount="1" falsecount="0"/>
      <line num="3" count="19" type="stmt"/>
      <line num="4" count="19" type="stmt"/>
      <line num="5" count="19" type="stmt"/>
      <line num="6" count="19" type="stmt"/>
      <line num="7" count="19" type="stmt"/>
      <line num="8" count="19" type="stmt"/>
      <line num="9" count="19" type="stmt"/>
      <line num="10" count="19" type="stmt"/>
      <line num="11" count="19" type="stmt"/>
      <line num="12" count="19" type="stmt"/>
      <line num="13" count="19" type="stmt"/>
      <line num="14" count="19" type="stmt"/>
      <line num="15" count="19" type="stmt"/>
      <line num="16" count="1" type="stmt"/>
      <line num="17" count="1" type="cond" truecount="1" falsecount="0"/>
      <line num="18" count="19" type="cond" truecount="1" falsecount="0"/>
      <line num="19" count="1" type="stmt"/>
      <line num="20" count="1" type="cond" truecount="1" falsecount="0"/>
      <line num="21" count="18" type="stmt"/>
      <line num="22" count="19" type="cond" truecount="1" falsecount="0"/>
      <line num="23" count="3" type="stmt"/>
      <line num="24" count="3" type="cond" truecount="1" falsecount="0"/>
      <line num="25" count="15" type="stmt"/>
      <line num="26" count="15" type="stmt"/>
      <line num="27" count="15" type="stmt"/>
      <line num="28" count="15" type="stmt"/>
      <line num="29" count="15" type="stmt"/>
      <line num="30" count="19" type="cond" truecount="1" falsecount="0"/>
      <line num="31" count="26" type="stmt"/>
      <line num="32" count="26" type="stmt"/>
      <line num="33" count="26" type="cond" truecount="1" falsecount="0"/>
      <line num="34" count="2" type="stmt"/>
      <line num="35" count="2" type="cond" truecount="1" falsecount="0"/>
      <line num="36" count="24" type="stmt"/>
      <line num="37" count="26" type="cond" truecount="1" falsecount="0"/>
      <line num="38" count="1" type="stmt"/>
      <line num="39" count="1" type="cond" truecount="1" falsecount="0"/>
      <line num="40" count="23" type="stmt"/>
      <line num="41" count="26" type="cond" truecount="1" falsecount="0"/>
      <line num="42" count="9" type="stmt"/>
      <line num="43" count="9" type="cond" truecount="1" falsecount="0"/>
      <line num="44" count="4" type="stmt"/>
      <line num="45" count="4" type="stmt"/>
      <line num="46" count="26" type="cond" truecount="1" falsecount="0"/>
      <line num="47" count="14" type="stmt"/>
      <line num="48" count="14" type="stmt"/>
      <line num="49" count="14" type="cond" truecount="1" falsecount="0"/>
      <line num="50" count="19" type="stmt"/>
      <line num="51" count="26" type="cond" truecount="0" falsecount="1"/>
      <line num="52" count="26" type="stmt"/>
      <line num="53" count="26" type="cond" truecount="1" falsecount="0"/>
      <line num="54" count="8" type="stmt"/>
      <line num="55" count="19" type="cond" truecount="1" falsecount="0"/>
      <line num="56" count="2" type="stmt"/>
      <line num="57" count="19" type="cond" truecount="2" falsecount="0"/>
      <line num="58" count="3" type="stmt"/>
      <line num="59" count="3" type="cond" truecount="0" falsecount="1"/>
      <line num="60" count="0" type="stmt"/>
      <line num="61" count="0" type="cond" truecount="1" falsecount="0"/>
      <line num="62" count="8" type="stmt"/>
      <line num="63" count="8" type="stmt"/>
      <line num="64" count="8" type="stmt"/>
      <line num="65" count="1" type="stmt"/>
      <line num="66" count="1" type="cond" truecount="1" falsecount="0"/>
      <line num="67" count="23" type="cond" truecount="1" falsecount="0"/>
      <line num="68" count="23" type="stmt"/>
      <line num="69" count="1" type="stmt"/>
      <line num="70" count="1" type="cond" truecount="1" falsecount="0"/>
      <line num="71" count="9" type="cond" truecount="1" falsecount="0"/>
      <line num="72" count="7" type="stmt"/>
      <line num="73" count="9" type="cond" truecount="1" falsecount="0"/>
      <line num="74" count="2" type="stmt"/>
      <line num="75" count="2" type="cond" truecount="0" falsecount="1"/>
      <line num="76" count="0" type="stmt"/>
      <line num="77" count="0" type="stmt"/>
      <line num="78" count="1" type="stmt"/>
      <line num="79" count="1" type="stmt"/>
      <line num="80" count="1" type="stmt"/>
    </file>
  </project>
</coverage>
