{"C:\\Users\\Willian\\Desktop\\DB Serve\\desafio-lanchonete-2023\\src\\caixa-da-lanchonete.js": {"path":"C:\\Users\\Willian\\Desktop\\DB Serve\\desafio-lanchonete-2023\\src\\caixa-da-lanchonete.js","all":false,"statementMap":{"0":{"start":{"line":1,"column":0},"end":{"line":1,"column":25}},"1":{"start":{"line":2,"column":0},"end":{"line":2,"column":19}},"2":{"start":{"line":3,"column":0},"end":{"line":3,"column":25}},"3":{"start":{"line":4,"column":0},"end":{"line":4,"column":53}},"4":{"start":{"line":5,"column":0},"end":{"line":5,"column":77}},"5":{"start":{"line":6,"column":0},"end":{"line":6,"column":61}},"6":{"start":{"line":7,"column":0},"end":{"line":7,"column":63}},"7":{"start":{"line":8,"column":0},"end":{"line":8,"column":78}},"8":{"start":{"line":9,"column":0},"end":{"line":9,"column":59}},"9":{"start":{"line":10,"column":0},"end":{"line":10,"column":71}},"10":{"start":{"line":11,"column":0},"end":{"line":11,"column":71}},"11":{"start":{"line":12,"column":0},"end":{"line":12,"column":10}},"12":{"start":{"line":13,"column":0},"end":{"line":13,"column":0}},"13":{"start":{"line":14,"column":0},"end":{"line":14,"column":67}},"14":{"start":{"line":15,"column":0},"end":{"line":15,"column":5}},"15":{"start":{"line":16,"column":0},"end":{"line":16,"column":0}},"16":{"start":{"line":17,"column":0},"end":{"line":17,"column":53}},"17":{"start":{"line":18,"column":0},"end":{"line":18,"column":66}},"18":{"start":{"line":19,"column":0},"end":{"line":19,"column":50}},"19":{"start":{"line":20,"column":0},"end":{"line":20,"column":9}},"20":{"start":{"line":21,"column":0},"end":{"line":21,"column":0}},"21":{"start":{"line":22,"column":0},"end":{"line":22,"column":33}},"22":{"start":{"line":23,"column":0},"end":{"line":23,"column":57}},"23":{"start":{"line":24,"column":0},"end":{"line":24,"column":9}},"24":{"start":{"line":25,"column":0},"end":{"line":25,"column":0}},"25":{"start":{"line":26,"column":0},"end":{"line":26,"column":27}},"26":{"start":{"line":27,"column":0},"end":{"line":27,"column":39}},"27":{"start":{"line":28,"column":0},"end":{"line":28,"column":36}},"28":{"start":{"line":29,"column":0},"end":{"line":29,"column":0}},"29":{"start":{"line":30,"column":0},"end":{"line":30,"column":35}},"30":{"start":{"line":31,"column":0},"end":{"line":31,"column":57}},"31":{"start":{"line":32,"column":0},"end":{"line":32,"column":0}},"32":{"start":{"line":33,"column":0},"end":{"line":33,"column":56}},"33":{"start":{"line":34,"column":0},"end":{"line":34,"column":40}},"34":{"start":{"line":35,"column":0},"end":{"line":35,"column":13}},"35":{"start":{"line":36,"column":0},"end":{"line":36,"column":0}},"36":{"start":{"line":37,"column":0},"end":{"line":37,"column":73}},"37":{"start":{"line":38,"column":0},"end":{"line":38,"column":46}},"38":{"start":{"line":39,"column":0},"end":{"line":39,"column":13}},"39":{"start":{"line":40,"column":0},"end":{"line":40,"column":0}},"40":{"start":{"line":41,"column":0},"end":{"line":41,"column":39}},"41":{"start":{"line":42,"column":0},"end":{"line":42,"column":61}},"42":{"start":{"line":43,"column":0},"end":{"line":43,"column":64}},"43":{"start":{"line":44,"column":0},"end":{"line":44,"column":76}},"44":{"start":{"line":45,"column":0},"end":{"line":45,"column":17}},"45":{"start":{"line":46,"column":0},"end":{"line":46,"column":20}},"46":{"start":{"line":47,"column":0},"end":{"line":47,"column":41}},"47":{"start":{"line":48,"column":0},"end":{"line":48,"column":39}},"48":{"start":{"line":49,"column":0},"end":{"line":49,"column":13}},"49":{"start":{"line":50,"column":0},"end":{"line":50,"column":0}},"50":{"start":{"line":51,"column":0},"end":{"line":51,"column":88}},"51":{"start":{"line":52,"column":0},"end":{"line":52,"column":36}},"52":{"start":{"line":53,"column":0},"end":{"line":53,"column":9}},"53":{"start":{"line":54,"column":0},"end":{"line":54,"column":8}},"54":{"start":{"line":55,"column":0},"end":{"line":55,"column":47}},"55":{"start":{"line":56,"column":0},"end":{"line":56,"column":31}},"56":{"start":{"line":57,"column":0},"end":{"line":57,"column":53}},"57":{"start":{"line":58,"column":0},"end":{"line":58,"column":31}},"58":{"start":{"line":59,"column":0},"end":{"line":59,"column":52}},"59":{"start":{"line":60,"column":0},"end":{"line":60,"column":50}},"60":{"start":{"line":61,"column":0},"end":{"line":61,"column":9}},"61":{"start":{"line":62,"column":0},"end":{"line":62,"column":0}},"62":{"start":{"line":63,"column":0},"end":{"line":63,"column":63}},"63":{"start":{"line":64,"column":0},"end":{"line":64,"column":5}},"64":{"start":{"line":65,"column":0},"end":{"line":65,"column":0}},"65":{"start":{"line":66,"column":0},"end":{"line":66,"column":21}},"66":{"start":{"line":67,"column":0},"end":{"line":67,"column":60}},"67":{"start":{"line":68,"column":0},"end":{"line":68,"column":5}},"68":{"start":{"line":69,"column":0},"end":{"line":69,"column":0}},"69":{"start":{"line":70,"column":0},"end":{"line":70,"column":32}},"70":{"start":{"line":71,"column":0},"end":{"line":71,"column":37}},"71":{"start":{"line":72,"column":0},"end":{"line":72,"column":31}},"72":{"start":{"line":73,"column":0},"end":{"line":73,"column":45}},"73":{"start":{"line":74,"column":0},"end":{"line":74,"column":26}},"74":{"start":{"line":75,"column":0},"end":{"line":75,"column":9}},"75":{"start":{"line":76,"column":0},"end":{"line":76,"column":20}},"76":{"start":{"line":77,"column":0},"end":{"line":77,"column":5}},"77":{"start":{"line":78,"column":0},"end":{"line":78,"column":1}},"78":{"start":{"line":79,"column":0},"end":{"line":79,"column":0}},"79":{"start":{"line":80,"column":0},"end":{"line":80,"column":29}}},"s":{"0":1,"1":1,"2":19,"3":19,"4":19,"5":19,"6":19,"7":19,"8":19,"9":19,"10":19,"11":19,"12":19,"13":19,"14":19,"15":1,"16":1,"17":19,"18":1,"19":1,"20":18,"21":19,"22":3,"23":3,"24":15,"25":15,"26":15,"27":15,"28":15,"29":19,"30":26,"31":26,"32":26,"33":2,"34":2,"35":24,"36":26,"37":1,"38":1,"39":23,"40":26,"41":9,"42":9,"43":4,"44":4,"45":26,"46":14,"47":14,"48":14,"49":19,"50":26,"51":26,"52":26,"53":8,"54":19,"55":2,"56":19,"57":3,"58":3,"59":0,"60":0,"61":8,"62":8,"63":8,"64":1,"65":1,"66":23,"67":23,"68":1,"69":1,"70":9,"71":7,"72":9,"73":2,"74":2,"75":0,"76":0,"77":1,"78":1,"79":1},"branchMap":{"0":{"type":"branch","line":2,"loc":{"start":{"line":2,"column":4},"end":{"line":15,"column":5}},"locations":[{"start":{"line":2,"column":4},"end":{"line":15,"column":5}}]},"1":{"type":"branch","line":17,"loc":{"start":{"line":17,"column":4},"end":{"line":64,"column":5}},"locations":[{"start":{"line":17,"column":4},"end":{"line":64,"column":5}}]},"2":{"type":"branch","line":18,"loc":{"start":{"line":18,"column":65},"end":{"line":20,"column":9}},"locations":[{"start":{"line":18,"column":65},"end":{"line":20,"column":9}}]},"3":{"type":"branch","line":20,"loc":{"start":{"line":20,"column":8},"end":{"line":22,"column":32}},"locations":[{"start":{"line":20,"column":8},"end":{"line":22,"column":32}}]},"4":{"type":"branch","line":22,"loc":{"start":{"line":22,"column":32},"end":{"line":24,"column":9}},"locations":[{"start":{"line":22,"column":32},"end":{"line":24,"column":9}}]},"5":{"type":"branch","line":24,"loc":{"start":{"line":24,"column":8},"end":{"line":30,"column":34}},"locations":[{"start":{"line":24,"column":8},"end":{"line":30,"column":34}}]},"6":{"type":"branch","line":30,"loc":{"start":{"line":30,"column":34},"end":{"line":53,"column":9}},"locations":[{"start":{"line":30,"column":34},"end":{"line":53,"column":9}}]},"7":{"type":"branch","line":33,"loc":{"start":{"line":33,"column":55},"end":{"line":35,"column":13}},"locations":[{"start":{"line":33,"column":55},"end":{"line":35,"column":13}}]},"8":{"type":"branch","line":35,"loc":{"start":{"line":35,"column":12},"end":{"line":37,"column":70}},"locations":[{"start":{"line":35,"column":12},"end":{"line":37,"column":70}}]},"9":{"type":"branch","line":37,"loc":{"start":{"line":37,"column":72},"end":{"line":39,"column":13}},"locations":[{"start":{"line":37,"column":72},"end":{"line":39,"column":13}}]},"10":{"type":"branch","line":39,"loc":{"start":{"line":39,"column":12},"end":{"line":41,"column":38}},"locations":[{"start":{"line":39,"column":12},"end":{"line":41,"column":38}}]},"11":{"type":"branch","line":41,"loc":{"start":{"line":41,"column":38},"end":{"line":46,"column":13}},"locations":[{"start":{"line":41,"column":38},"end":{"line":46,"column":13}}]},"12":{"type":"branch","line":43,"loc":{"start":{"line":43,"column":63},"end":{"line":45,"column":17}},"locations":[{"start":{"line":43,"column":63},"end":{"line":45,"column":17}}]},"13":{"type":"branch","line":46,"loc":{"start":{"line":46,"column":13},"end":{"line":49,"column":13}},"locations":[{"start":{"line":46,"column":13},"end":{"line":49,"column":13}}]},"14":{"type":"branch","line":49,"loc":{"start":{"line":49,"column":12},"end":{"line":51,"column":85}},"locations":[{"start":{"line":49,"column":12},"end":{"line":51,"column":85}}]},"15":{"type":"branch","line":51,"loc":{"start":{"line":51,"column":81},"end":{"line":51,"column":86}},"locations":[{"start":{"line":51,"column":81},"end":{"line":51,"column":86}}]},"16":{"type":"branch","line":53,"loc":{"start":{"line":53,"column":8},"end":{"line":55,"column":46}},"locations":[{"start":{"line":53,"column":8},"end":{"line":55,"column":46}}]},"17":{"type":"branch","line":55,"loc":{"start":{"line":55,"column":46},"end":{"line":57,"column":9}},"locations":[{"start":{"line":55,"column":46},"end":{"line":57,"column":9}}]},"18":{"type":"branch","line":57,"loc":{"start":{"line":57,"column":9},"end":{"line":61,"column":9}},"locations":[{"start":{"line":57,"column":9},"end":{"line":61,"column":9}}]},"19":{"type":"branch","line":57,"loc":{"start":{"line":57,"column":52},"end":{"line":61,"column":9}},"locations":[{"start":{"line":57,"column":52},"end":{"line":61,"column":9}}]},"20":{"type":"branch","line":59,"loc":{"start":{"line":59,"column":51},"end":{"line":61,"column":9}},"locations":[{"start":{"line":59,"column":51},"end":{"line":61,"column":9}}]},"21":{"type":"branch","line":61,"loc":{"start":{"line":61,"column":8},"end":{"line":64,"column":5}},"locations":[{"start":{"line":61,"column":8},"end":{"line":64,"column":5}}]},"22":{"type":"branch","line":66,"loc":{"start":{"line":66,"column":4},"end":{"line":68,"column":5}},"locations":[{"start":{"line":66,"column":4},"end":{"line":68,"column":5}}]},"23":{"type":"branch","line":67,"loc":{"start":{"line":67,"column":36},"end":{"line":67,"column":59}},"locations":[{"start":{"line":67,"column":36},"end":{"line":67,"column":59}}]},"24":{"type":"branch","line":70,"loc":{"start":{"line":70,"column":4},"end":{"line":77,"column":5}},"locations":[{"start":{"line":70,"column":4},"end":{"line":77,"column":5}}]},"25":{"type":"branch","line":71,"loc":{"start":{"line":71,"column":36},"end":{"line":73,"column":9}},"locations":[{"start":{"line":71,"column":36},"end":{"line":73,"column":9}}]},"26":{"type":"branch","line":73,"loc":{"start":{"line":73,"column":9},"end":{"line":75,"column":9}},"locations":[{"start":{"line":73,"column":9},"end":{"line":75,"column":9}}]},"27":{"type":"branch","line":75,"loc":{"start":{"line":75,"column":8},"end":{"line":77,"column":5}},"locations":[{"start":{"line":75,"column":8},"end":{"line":77,"column":5}}]}},"b":{"0":[19],"1":[19],"2":[1],"3":[18],"4":[3],"5":[15],"6":[26],"7":[2],"8":[24],"9":[1],"10":[23],"11":[9],"12":[4],"13":[14],"14":[19],"15":[0],"16":[8],"17":[2],"18":[6],"19":[3],"20":[0],"21":[8],"22":[23],"23":[21],"24":[9],"25":[7],"26":[2],"27":[0]},"fnMap":{"0":{"name":"CaixaDaLanchonete","decl":{"start":{"line":2,"column":4},"end":{"line":15,"column":5}},"loc":{"start":{"line":2,"column":4},"end":{"line":15,"column":5}},"line":2},"1":{"name":"calcularValorDaCompra","decl":{"start":{"line":17,"column":4},"end":{"line":64,"column":5}},"loc":{"start":{"line":17,"column":4},"end":{"line":64,"column":5}},"line":17},"2":{"name":"isExtra","decl":{"start":{"line":66,"column":4},"end":{"line":68,"column":5}},"loc":{"start":{"line":66,"column":4},"end":{"line":68,"column":5}},"line":66},"3":{"name":"principalItem","decl":{"start":{"line":70,"column":4},"end":{"line":77,"column":5}},"loc":{"start":{"line":70,"column":4},"end":{"line":77,"column":5}},"line":70}},"f":{"0":19,"1":19,"2":23,"3":9}}
}
