TN:
SF:src\caixa-da-lanchonete.js
FN:2,CaixaDaLanchonete
FN:17,calcularValorDaCompra
FN:66,isExtra
FN:70,principalItem
FNF:4
FNH:4
FNDA:19,CaixaDaLanchonete
FNDA:19,calcularValorDaCompra
FNDA:23,isExtra
FNDA:9,principalItem
DA:1,1
DA:2,1
DA:3,19
DA:4,19
DA:5,19
DA:6,19
DA:7,19
DA:8,19
DA:9,19
DA:10,19
DA:11,19
DA:12,19
DA:13,19
DA:14,19
DA:15,19
DA:16,1
DA:17,1
DA:18,19
DA:19,1
DA:20,1
DA:21,18
DA:22,19
DA:23,3
DA:24,3
DA:25,15
DA:26,15
DA:27,15
DA:28,15
DA:29,15
DA:30,19
DA:31,26
DA:32,26
DA:33,26
DA:34,2
DA:35,2
DA:36,24
DA:37,26
DA:38,1
DA:39,1
DA:40,23
DA:41,26
DA:42,9
DA:43,9
DA:44,4
DA:45,4
DA:46,26
DA:47,14
DA:48,14
DA:49,14
DA:50,19
DA:51,26
DA:52,26
DA:53,26
DA:54,8
DA:55,19
DA:56,2
DA:57,19
DA:58,3
DA:59,3
DA:60,0
DA:61,0
DA:62,8
DA:63,8
DA:64,8
DA:65,1
DA:66,1
DA:67,23
DA:68,23
DA:69,1
DA:70,1
DA:71,9
DA:72,7
DA:73,9
DA:74,2
DA:75,2
DA:76,0
DA:77,0
DA:78,1
DA:79,1
DA:80,1
LF:80
LH:76
BRDA:2,0,0,19
BRDA:17,1,0,19
BRDA:18,2,0,1
BRDA:20,3,0,18
BRDA:22,4,0,3
BRDA:24,5,0,15
BRDA:30,6,0,26
BRDA:33,7,0,2
BRDA:35,8,0,24
BRDA:37,9,0,1
BRDA:39,10,0,23
BRDA:41,11,0,9
BRDA:43,12,0,4
BRDA:46,13,0,14
BRDA:49,14,0,19
BRDA:51,15,0,0
BRDA:53,16,0,8
BRDA:55,17,0,2
BRDA:57,18,0,6
BRDA:57,19,0,3
BRDA:59,20,0,0
BRDA:61,21,0,8
BRDA:66,22,0,23
BRDA:67,23,0,21
BRDA:70,24,0,9
BRDA:71,25,0,7
BRDA:73,26,0,2
BRDA:75,27,0,0
BRF:28
BRH:25
end_of_record
